<?xml version="1.0" encoding="UTF-8"?>
<!-- Generated by org.testng.reporters.JUnitReportReporter -->
<testsuite skipped="0" hostname="192-168-1-5.tpgi.com.au" name="com.testingfoo.tests.SignUpTest" tests="2" failures="0" timestamp="05 Sep 2019 14:35:30 GMT" time="44.577" errors="0">
  <testcase name="test" time="19.812" classname="com.testingfoo.tests.SignUpTest"/>
  <testcase name="test" time="24.765" classname="com.testingfoo.tests.SignUpTest"/>
</testsuite> <!-- com.testingfoo.tests.SignUpTest -->
