<?xml version="1.0" encoding="UTF-8"?>
<!-- Generated by org.testng.reporters.JUnitReportReporter -->
<testsuite skipped="0" hostname="192-168-1-5.tpgi.com.au" name="com.testingfoo.tests.SignUpTest" tests="2" failures="0" timestamp="04 Sep 2019 01:56:53 GMT" time="103.565" errors="0">
  <testcase name="test" time="50.481" classname="com.testingfoo.tests.SignUpTest"/>
  <testcase name="test" time="53.084" classname="com.testingfoo.tests.SignUpTest"/>
</testsuite> <!-- com.testingfoo.tests.SignUpTest -->
